0 info it worked if it ends with ok
1 verbose cli [ 'C:\\Program Files\\nodejs\\node.exe',
1 verbose cli   'C:\\Program Files\\nodejs\\node_modules\\npm\\bin\\npm-cli.js',
1 verbose cli   'run',
1 verbose cli   'serve' ]
2 info using npm@3.10.10
3 info using node@v6.10.3
4 verbose run-script [ 'preserve', 'serve', 'postserve' ]
5 info lifecycle positivo@1.0.0~preserve: positivo@1.0.0
6 silly lifecycle positivo@1.0.0~preserve: no script for preserve, continuing
7 info lifecycle positivo@1.0.0~serve: positivo@1.0.0
8 verbose lifecycle positivo@1.0.0~serve: unsafe-perm in lifecycle true
9 verbose lifecycle positivo@1.0.0~serve: PATH: C:\Program Files\nodejs\node_modules\npm\bin\node-gyp-bin;E:\Positivo\node_modules\.bin;E:\Positivo\node_modules\.bin;C:\ProgramData\Oracle\Java\javapath;C:\WINDOWS\system32;C:\WINDOWS;C:\WINDOWS\System32\Wbem;C:\WINDOWS\System32\WindowsPowerShell\v1.0\;C:\Program Files (x86)\ATI Technologies\ATI.ACE\Core-Static;C:\Program Files\Microsoft SQL Server\120\Tools\Binn\;C:\Program Files (x86)\Skype\Phone\;C:\Program Files\Microsoft SQL Server\130\Tools\Binn\;C:\Program Files (x86)\Microsoft ASP.NET\ASP.NET Web Pages\v1.0\;C:\Program Files\Microsoft SQL Server\Client SDK\ODBC\130\Tools\Binn\;C:\Program Files (x86)\Microsoft SQL Server\130\Tools\Binn\;C:\Program Files\Microsoft SQL Server\130\DTS\Binn\;C:\Program Files (x86)\Microsoft SQL Server\Client SDK\ODBC\130\Tools\Binn\;C:\Program Files (x86)\Microsoft SQL Server\130\DTS\Binn\;C:\Program Files (x86)\Microsoft SQL Server\130\Tools\Binn\ManagementStudio\;C:\Program Files\Microsoft\Web Platform Installer\;C:\Program Files\dotnet\;C:\Program Files\Microsoft Service Fabric\bin\Fabric\Fabric.Code;C:\Program Files\Microsoft SDKs\Service Fabric\Tools\ServiceFabricLocalClusterManager;C:\Program Files (x86)\Microsoft SQL Server\110\DTS\Binn\;C:\Program Files (x86)\Microsoft SQL Server\120\DTS\Binn\;C:\Program Files\nodejs\;C:\Program Files (x86)\Git\cmd;C:\Users\jackes.lemos\AppData\Local\Microsoft\WindowsApps;C:\Users\jackes.lemos\AppData\Roaming\npm;C:\Program Files (x86)\Microsoft VS Code Insiders\bin
10 verbose lifecycle positivo@1.0.0~serve: CWD: E:\Positivo
11 silly lifecycle positivo@1.0.0~serve: Args: [ '/d /s /c',
11 silly lifecycle   'live-server src  --port=8000 --wait=1000 --host=10.10.0.246' ]
12 silly lifecycle positivo@1.0.0~serve: Returned: code: 3221225786  signal: null
13 info lifecycle positivo@1.0.0~serve: Failed to exec serve script
14 verbose stack Error: positivo@1.0.0 serve: `live-server src  --port=8000 --wait=1000 --host=10.10.0.246`
14 verbose stack Exit status 3221225786
14 verbose stack     at EventEmitter.<anonymous> (C:\Program Files\nodejs\node_modules\npm\lib\utils\lifecycle.js:255:16)
14 verbose stack     at emitTwo (events.js:106:13)
14 verbose stack     at EventEmitter.emit (events.js:191:7)
14 verbose stack     at ChildProcess.<anonymous> (C:\Program Files\nodejs\node_modules\npm\lib\utils\spawn.js:40:14)
14 verbose stack     at emitTwo (events.js:106:13)
14 verbose stack     at ChildProcess.emit (events.js:191:7)
14 verbose stack     at maybeClose (internal/child_process.js:886:16)
14 verbose stack     at Process.ChildProcess._handle.onexit (internal/child_process.js:226:5)
15 verbose pkgid positivo@1.0.0
16 verbose cwd E:\Positivo
17 error Windows_NT 10.0.14393
18 error argv "C:\\Program Files\\nodejs\\node.exe" "C:\\Program Files\\nodejs\\node_modules\\npm\\bin\\npm-cli.js" "run" "serve"
19 error node v6.10.3
20 error npm  v3.10.10
21 error code ELIFECYCLE
22 error positivo@1.0.0 serve: `live-server src  --port=8000 --wait=1000 --host=10.10.0.246`
22 error Exit status 3221225786
23 error Failed at the positivo@1.0.0 serve script 'live-server src  --port=8000 --wait=1000 --host=10.10.0.246'.
23 error Make sure you have the latest version of node.js and npm installed.
23 error If you do, this is most likely a problem with the positivo package,
23 error not with npm itself.
23 error Tell the author that this fails on your system:
23 error     live-server src  --port=8000 --wait=1000 --host=10.10.0.246
23 error You can get information on how to open an issue for this project with:
23 error     npm bugs positivo
23 error Or if that isn't available, you can get their info via:
23 error     npm owner ls positivo
23 error There is likely additional logging output above.
24 verbose exit [ 1, true ]
